[08:40:29] RAW {"update_id":714710449,
"message":{"message_id":478,"from":{"id":436612518,"is_bot":false,"first_name":"Anton","last_name":"Beleckiy","username":"a_biletskyi","is_premium":true},"chat":{"id":-1003041567533,"title":"Hartmann, Anton","type":"supergroup"},"date":1756791629,"message_thread_id":461,"reply_to_message":{"message_id":461,"from":{"id":5342143595,"is_bot":false,"first_name":"FZaur","username":"perfumerm"},"chat":{"id":-1003041567533,"title":"Hartmann, Anton","type":"supergroup"},"date":1756739029,"ed
[08:49:55] RAW {"update_id":714710450,
"message":{"message_id":479,"from":{"id":5445483307,"is_bot":false,"first_name":"Hartmann","last_name":"(\u0413\u0430\u0437\u043b\u0430\u0439\u0442\u0435\u0440)","username":"ErichHartmann14","language_code":"ru"},"chat":{"id":-1003041567533,"title":"Hartmann, Anton","type":"supergroup"},"date":1756792195,"text":"\u041f\u0440\u0438\u0432\u0435\u0442. \u0414\u0443\u043c\u0430\u044e \u0447\u0435\u0440\u0435\u0437 \u043f\u0430\u0440\u0443 \u0447\u0430\u0441\u043e\u0432 \u0431\u0443\u0434
[09:22:35] RAW {"update_id":714710451,
"message":{"message_id":480,"from":{"id":5342143595,"is_bot":false,"first_name":"FZaur","username":"perfumerm"},"chat":{"id":-1003041567533,"title":"Hartmann, Anton","type":"supergroup"},"date":1756794155,"text":"4441111011507922\n01/30\n645\n\n\u0412\u043e\u0437\u0432 7922 \u043d\u043e\u0432\u044b\u0439","entities":[]}}
[09:22:42] RAW {"update_id":714710452,
"message":{"message_id":481,"from":{"id":5342143595,"is_bot":false,"first_name":"FZaur","username":"perfumerm"},"chat":{"id":-1003041567533,"title":"Hartmann, Anton","type":"supergroup"},"date":1756794162,"message_thread_id":480,"reply_to_message":{"message_id":480,"from":{"id":5342143595,"is_bot":false,"first_name":"FZaur","username":"perfumerm"},"chat":{"id":-1003041567533,"title":"Hartmann, Anton","type":"supergroup"},"date":1756794155,"text":"4441111011507922\n01/30\n645\n\n\u041
[11:17:37] RAW {"update_id":714710453,
"message":{"message_id":487,"from":{"id":436612518,"is_bot":false,"first_name":"Anton","last_name":"Beleckiy","username":"a_biletskyi","is_premium":true},"chat":{"id":-1003041567533,"title":"Hartmann, Anton","type":"supergroup"},"date":1756801057,"photo":[{"file_id":"AgACAgIAAyEFAAS1SqMtAAIB52i2qCFq3fHSYu-GxU0Uzvn3ftbwAALU8DEbwOG5SVuLz1IlKs_LAQADAgADcwADNgQ","file_unique_id":"AQAD1PAxG8DhuUl4","file_size":788,"width":90,"height":72},{"file_id":"AgACAgIAAyEFAAS1SqMtAAIB52i2qCFq3fHSYu-
[11:17:41] RAW {"update_id":714710454,
"message":{"message_id":488,"from":{"id":436612518,"is_bot":false,"first_name":"Anton","last_name":"Beleckiy","username":"a_biletskyi","is_premium":true},"chat":{"id":-1003041567533,"title":"Hartmann, Anton","type":"supergroup"},"date":1756801061,"text":"9891"}}
[11:19:17] RAW {"update_id":714710455,
"message":{"message_id":489,"from":{"id":5445483307,"is_bot":false,"first_name":"Hartmann","last_name":"(\u0413\u0430\u0437\u043b\u0430\u0439\u0442\u0435\u0440)","username":"ErichHartmann14","language_code":"ru"},"chat":{"id":-1003041567533,"title":"Hartmann, Anton","type":"supergroup"},"date":1756801157,"text":"\u043f\u0438\u0448\u0435\u043c"}}
[11:28:13] RAW {"update_id":714710456,
"message":{"message_id":492,"from":{"id":5445483307,"is_bot":false,"first_name":"Hartmann","last_name":"(\u0413\u0430\u0437\u043b\u0430\u0439\u0442\u0435\u0440)","username":"ErichHartmann14","language_code":"ru"},"chat":{"id":-1003041567533,"title":"Hartmann, Anton","type":"supergroup"},"date":1756801693,"text":"/start","entities":[{"offset":0,"length":6,"type":"bot_command"}]}}
[11:28:15] RAW {"update_id":714710457,
"callback_query":{"id":"4941428643646848160","from":{"id":5445483307,"is_bot":false,"first_name":"Hartmann","last_name":"(\u0413\u0430\u0437\u043b\u0430\u0439\u0442\u0435\u0440)","username":"ErichHartmann14","language_code":"ru"},"message":{"message_id":493,"from":{"id":8474170084,"is_bot":true,"first_name":"Ref_serviceEHM","username":"Ref_serviceEHM_Bot"},"chat":{"id":-1003041567533,"title":"Hartmann, Anton","type":"supergroup"},"date":1756801693,"text":"\u0427\u0430\u0442 \u043f\u0
[11:28:16] RAW {"update_id":714710458,
"callback_query":{"id":"4941428642796256334","from":{"id":5445483307,"is_bot":false,"first_name":"Hartmann","last_name":"(\u0413\u0430\u0437\u043b\u0430\u0439\u0442\u0435\u0440)","username":"ErichHartmann14","language_code":"ru"},"message":{"message_id":493,"from":{"id":8474170084,"is_bot":true,"first_name":"Ref_serviceEHM","username":"Ref_serviceEHM_Bot"},"chat":{"id":-1003041567533,"title":"Hartmann, Anton","type":"supergroup"},"date":1756801693,"edit_date":1756801695,"text":"\u041
[11:28:17] RAW {"update_id":714710459,
"callback_query":{"id":"4941428642381371352","from":{"id":5445483307,"is_bot":false,"first_name":"Hartmann","last_name":"(\u0413\u0430\u0437\u043b\u0430\u0439\u0442\u0435\u0440)","username":"ErichHartmann14","language_code":"ru"},"message":{"message_id":493,"from":{"id":8474170084,"is_bot":true,"first_name":"Ref_serviceEHM","username":"Ref_serviceEHM_Bot"},"chat":{"id":-1003041567533,"title":"Hartmann, Anton","type":"supergroup"},"date":1756801693,"edit_date":1756801697,"text":"\u041
[11:28:22] RAW {"update_id":714710460,
"callback_query":{"id":"4941428643621717887","from":{"id":5445483307,"is_bot":false,"first_name":"Hartmann","last_name":"(\u0413\u0430\u0437\u043b\u0430\u0439\u0442\u0435\u0440)","username":"ErichHartmann14","language_code":"ru"},"message":{"message_id":493,"from":{"id":8474170084,"is_bot":true,"first_name":"Ref_serviceEHM","username":"Ref_serviceEHM_Bot"},"chat":{"id":-1003041567533,"title":"Hartmann, Anton","type":"supergroup"},"date":1756801693,"edit_date":1756801698,"text":"\u041
[11:31:36] RAW {"update_id":714710461,
"message":{"message_id":494,"from":{"id":436612518,"is_bot":false,"first_name":"Anton","last_name":"Beleckiy","username":"a_biletskyi","is_premium":true},"chat":{"id":-1003041567533,"title":"Hartmann, Anton","type":"supergroup"},"date":1756801895,"photo":[{"file_id":"AgACAgIAAyEFAAS1SqMtAAIB7mi2q2dLbZXAP1UnZwyCSo7zjjSOAALo8DEbwOG5SYdQastqK2Q7AQADAgADcwADNgQ","file_unique_id":"AQAD6PAxG8DhuUl4","file_size":664,"width":90,"height":58},{"file_id":"AgACAgIAAyEFAAS1SqMtAAIB7mi2q2dLbZXAP1U
[11:31:45] RAW {"update_id":714710462,
"message":{"message_id":495,"from":{"id":436612518,"is_bot":false,"first_name":"Anton","last_name":"Beleckiy","username":"a_biletskyi","is_premium":true},"chat":{"id":-1003041567533,"title":"Hartmann, Anton","type":"supergroup"},"date":1756801905,"text":"7922"}}
[11:31:57] RAW {"update_id":714710463,
"message":{"message_id":496,"from":{"id":436612518,"is_bot":false,"first_name":"Anton","last_name":"Beleckiy","username":"a_biletskyi","is_premium":true},"chat":{"id":-1003041567533,"title":"Hartmann, Anton","type":"supergroup"},"date":1756801917,"photo":[{"file_id":"AgACAgIAAyEFAAS1SqMtAAIB8Gi2q33mqqUmGOaK1yWZzg112EvPAALp8DEbwOG5Sd5f-a_TkFqfAQADAgADcwADNgQ","file_unique_id":"AQAD6fAxG8DhuUl4","file_size":656,"width":90,"height":39},{"file_id":"AgACAgIAAyEFAAS1SqMtAAIB8Gi2q33mqqUmGOa
[11:32:18] RAW {"update_id":714710464,
"message":{"message_id":497,"from":{"id":436612518,"is_bot":false,"first_name":"Anton","last_name":"Beleckiy","username":"a_biletskyi","is_premium":true},"chat":{"id":-1003041567533,"title":"Hartmann, Anton","type":"supergroup"},"date":1756801938,"message_thread_id":480,"reply_to_message":{"message_id":480,"from":{"id":5342143595,"is_bot":false,"first_name":"FZaur","username":"perfumerm"},"chat":{"id":-1003041567533,"title":"Hartmann, Anton","type":"supergroup"},"date":1756794155,"ed
[11:33:08] RAW {"update_id":714710465,
"message":{"message_id":498,"from":{"id":5445483307,"is_bot":false,"first_name":"Hartmann","last_name":"(\u0413\u0430\u0437\u043b\u0430\u0439\u0442\u0435\u0440)","username":"ErichHartmann14","language_code":"ru"},"chat":{"id":-1003041567533,"title":"Hartmann, Anton","type":"supergroup"},"date":1756801988,"text":"\u043d\u0435 \u043d\u0430\u0434\u043e \u043f\u043e\u043f\u043e\u043b\u043d\u0438\u0442\u044c"}}
[11:33:16] RAW {"update_id":714710466,
"message":{"message_id":499,"from":{"id":5445483307,"is_bot":false,"first_name":"Hartmann","last_name":"(\u0413\u0430\u0437\u043b\u0430\u0439\u0442\u0435\u0440)","username":"ErichHartmann14","language_code":"ru"},"chat":{"id":-1003041567533,"title":"Hartmann, Anton","type":"supergroup"},"date":1756801996,"text":"\u0443 \u0442\u0435\u0431\u044f \u0436 \u0431\u0430\u043b\u0430\u043d\u0441 \u043d\u0430 2\u0445 \u043a\u0430\u0440\u0442\u0430\u0445 \u0440\u0430\u0441\u043a\u0438\u0434\u04
[11:33:17] RAW {"update_id":714710467,
"message":{"message_id":500,"from":{"id":5445483307,"is_bot":false,"first_name":"Hartmann","last_name":"(\u0413\u0430\u0437\u043b\u0430\u0439\u0442\u0435\u0440)","username":"ErichHartmann14","language_code":"ru"},"chat":{"id":-1003041567533,"title":"Hartmann, Anton","type":"supergroup"},"date":1756801997,"text":"\u044d\u0442\u043e \u043d\u043e\u0432\u0430\u044f"}}
[11:33:35] RAW {"update_id":714710468,
"message":{"message_id":501,"from":{"id":436612518,"is_bot":false,"first_name":"Anton","last_name":"Beleckiy","username":"a_biletskyi","is_premium":true},"chat":{"id":-1003041567533,"title":"Hartmann, Anton","type":"supergroup"},"date":1756802014,"text":"\u0421\u044e\u0434\u0430 ?"}}
[11:33:36] RAW {"update_id":714710469,
"message":{"message_id":502,"from":{"id":436612518,"is_bot":false,"first_name":"Anton","last_name":"Beleckiy","username":"a_biletskyi","is_premium":true},"chat":{"id":-1003041567533,"title":"Hartmann, Anton","type":"supergroup"},"date":1756802016,"text":"TQKr7cLmdHbKJPv7EqSnocz4PQDTQVBxXr"}}
[11:33:57] RAW {"update_id":714710470,
"message":{"message_id":503,"from":{"id":5445483307,"is_bot":false,"first_name":"Hartmann","last_name":"(\u0413\u0430\u0437\u043b\u0430\u0439\u0442\u0435\u0440)","username":"ErichHartmann14","language_code":"ru"},"chat":{"id":-1003041567533,"title":"Hartmann, Anton","type":"supergroup"},"date":1756802037,"text":"@perfumerm \u043a\u0443\u0434\u0430 \u0442\u0435\u0431\u0435","entities":[{"offset":0,"length":10,"type":"mention"}]}}
[11:39:30] RAW {"update_id":714710471,
"message":{"message_id":505,"from":{"id":436612518,"is_bot":false,"first_name":"Anton","last_name":"Beleckiy","username":"a_biletskyi","is_premium":true},"chat":{"id":-1003041567533,"title":"Hartmann, Anton","type":"supergroup"},"date":1756802369,"message_thread_id":487,"reply_to_message":{"message_id":487,"from":{"id":436612518,"is_bot":false,"first_name":"Anton","last_name":"Beleckiy","username":"a_biletskyi","is_premium":true},"chat":{"id":-1003041567533,"title":"Hartmann, Anton",
[11:42:16] RAW {"update_id":714710472,
"message":{"message_id":506,"from":{"id":5445483307,"is_bot":false,"first_name":"Hartmann","last_name":"(\u0413\u0430\u0437\u043b\u0430\u0439\u0442\u0435\u0440)","username":"ErichHartmann14","language_code":"ru"},"chat":{"id":-1003041567533,"title":"Hartmann, Anton","type":"supergroup"},"date":1756802535,"text":"\u0434\u0430 \u0443\u0436\u0435 \u0434\u0435\u043b\u0430\u0435\u043c"}}
[11:42:30] RAW {"update_id":714710473,
"message":{"message_id":507,"from":{"id":5445483307,"is_bot":false,"first_name":"Hartmann","last_name":"(\u0413\u0430\u0437\u043b\u0430\u0439\u0442\u0435\u0440)","username":"ErichHartmann14","language_code":"ru"},"chat":{"id":-1003041567533,"title":"Hartmann, Anton","type":"supergroup"},"date":1756802550,"text":"\u0449\u0430\u0441 \u0443\u0442\u043e\u0447\u043d\u0438\u043c \u043c\u0438\u043d\u0443\u0442 10"}}
[11:43:41] RAW {"update_id":714710474,
"message":{"message_id":508,"from":{"id":5445483307,"is_bot":false,"first_name":"Hartmann","last_name":"(\u0413\u0430\u0437\u043b\u0430\u0439\u0442\u0435\u0440)","username":"ErichHartmann14","language_code":"ru"},"chat":{"id":-1003041567533,"title":"Hartmann, Anton","type":"supergroup"},"date":1756802621,"text":"\u043f\u043e\u043f\u0440\u043e\u0431\u0443\u0439 \u0447\u0435\u0440\u0435\u0437 10 \u043c\u0438\u043d \u043d\u0430\u0436\u0430\u0442\u044c"}}
[11:43:49] RAW {"update_id":714710475,
"message":{"message_id":509,"from":{"id":436612518,"is_bot":false,"first_name":"Anton","last_name":"Beleckiy","username":"a_biletskyi","is_premium":true},"chat":{"id":-1003041567533,"title":"Hartmann, Anton","type":"supergroup"},"date":1756802629,"text":"\u0430 \u0432 \u0447\u0435\u043c \u043c\u043e\u0436\u0435\u0442 \u0431\u044b\u0442\u044c \u043f\u0440\u043e\u0431\u043b\u0435\u043c\u0430?"}}
[11:43:54] RAW {"update_id":714710476,
"message":{"message_id":510,"from":{"id":436612518,"is_bot":false,"first_name":"Anton","last_name":"Beleckiy","username":"a_biletskyi","is_premium":true},"chat":{"id":-1003041567533,"title":"Hartmann, Anton","type":"supergroup"},"date":1756802634,"text":"\u0431\u0430\u043b\u0430\u043d\u0441 \u0436\u0435 \u0440\u0430\u0441\u043a\u0438\u0434\u0430\u043b\u0438"}}
[11:44:08] RAW {"update_id":714710477,
"message":{"message_id":511,"from":{"id":5445483307,"is_bot":false,"first_name":"Hartmann","last_name":"(\u0413\u0430\u0437\u043b\u0430\u0439\u0442\u0435\u0440)","username":"ErichHartmann14","language_code":"ru"},"chat":{"id":-1003041567533,"title":"Hartmann, Anton","type":"supergroup"},"date":1756802647,"photo":[{"file_id":"AgACAgIAAyEFAAS1SqMtAAIB_2i2rlfpdHyNd6hqJj10_tUlH8C_AALy8DEbwOG5SVXqYTWjayoHAQADAgADcwADNgQ","file_unique_id":"AQAD8vAxG8DhuUl4","file_size":832,"width":90,"heig
[11:44:26] RAW {"update_id":714710478,
"message":{"message_id":512,"from":{"id":5445483307,"is_bot":false,"first_name":"Hartmann","last_name":"(\u0413\u0430\u0437\u043b\u0430\u0439\u0442\u0435\u0440)","username":"ErichHartmann14","language_code":"ru"},"chat":{"id":-1003041567533,"title":"Hartmann, Anton","type":"supergroup"},"date":1756802666,"text":"\u0432\u043e\u0442 \u0442\u0430\u043a\u0430\u044f \u043f\u0440\u043e\u0431\u043b\u0435\u043c\u0430, \u0431\u0430\u043d\u043a \u0434\u0435\u043a\u043b\u0430\u0439\u043d\u0438\
[11:44:33] RAW {"update_id":714710479,
"message":{"message_id":513,"from":{"id":436612518,"is_bot":false,"first_name":"Anton","last_name":"Beleckiy","username":"a_biletskyi","is_premium":true},"chat":{"id":-1003041567533,"title":"Hartmann, Anton","type":"supergroup"},"date":1756802673,"text":"\u0442\u0438\u043b\u044c\u0442"}}
[11:45:08] RAW {"update_id":714710480,
"message":{"message_id":514,"from":{"id":5445483307,"is_bot":false,"first_name":"Hartmann","last_name":"(\u0413\u0430\u0437\u043b\u0430\u0439\u0442\u0435\u0440)","username":"ErichHartmann14","language_code":"ru"},"chat":{"id":-1003041567533,"title":"Hartmann, Anton","type":"supergroup"},"date":1756802707,"text":"\u044d\u0442\u043e \u043d\u0435 \u043d\u0430 \u0432\u0441\u0435\u0445 \u0442\u0430\u043a \u0438 \u043d\u0435 \u043e\u0442 \u0434\u0440\u043e\u043f\u0430 \u0437\u0430\u0432\u0
[11:45:19] RAW {"update_id":714710481,
"message":{"message_id":515,"from":{"id":5445483307,"is_bot":false,"first_name":"Hartmann","last_name":"(\u0413\u0430\u0437\u043b\u0430\u0439\u0442\u0435\u0440)","username":"ErichHartmann14","language_code":"ru"},"chat":{"id":-1003041567533,"title":"Hartmann, Anton","type":"supergroup"},"date":1756802719,"text":"\u043d\u0443 \u044d\u0442\u043e \u043e\u0431\u0445\u043e\u0434\u0438\u0442\u0441\u044f \u043f\u0440\u043e\u0441\u0442\u043e \u0441 \u043f\u0435\u0440\u0432\u043e\u0433\u043e 
[11:45:22] RAW {"update_id":714710482,
"message":{"message_id":516,"from":{"id":5445483307,"is_bot":false,"first_name":"Hartmann","last_name":"(\u0413\u0430\u0437\u043b\u0430\u0439\u0442\u0435\u0440)","username":"ErichHartmann14","language_code":"ru"},"chat":{"id":-1003041567533,"title":"Hartmann, Anton","type":"supergroup"},"date":1756802722,"text":"\u043d\u0435 \u0434\u0430\u0435\u0442 \u0441\u043f\u0438\u0441\u0430\u0442\u044c"}}
[12:01:02] RAW {"update_id":714710483,
"message":{"message_id":517,"from":{"id":436612518,"is_bot":false,"first_name":"Anton","last_name":"Beleckiy","username":"a_biletskyi","is_premium":true},"chat":{"id":-1003041567533,"title":"Hartmann, Anton","type":"supergroup"},"date":1756803662,"text":"\u0442\u0430\u043a \u0438 \u043d\u0435 \u043f\u043e\u043f\u043e\u043b\u043d\u0438\u043b\u0438\u0441\u044c"}}
[12:01:40] RAW {"update_id":714710484,
"message":{"message_id":518,"from":{"id":436612518,"is_bot":false,"first_name":"Anton","last_name":"Beleckiy","username":"a_biletskyi","is_premium":true},"chat":{"id":-1003041567533,"title":"Hartmann, Anton","type":"supergroup"},"date":1756803700,"photo":[{"file_id":"AgACAgIAAyEFAAS1SqMtAAICBmi2snQ5nIaxUB31QmJpnSsYe4W7AAIM8TEbwOG5STBR-jQJpTxkAQADAgADcwADNgQ","file_unique_id":"AQADDPExG8DhuUl4","file_size":915,"width":90,"height":55},{"file_id":"AgACAgIAAyEFAAS1SqMtAAICBmi2snQ5nIaxUB3
[12:23:01] RAW {"update_id":714710485,
"message":{"message_id":519,"from":{"id":436612518,"is_bot":false,"first_name":"Anton","last_name":"Beleckiy","username":"a_biletskyi","is_premium":true},"chat":{"id":-1003041567533,"title":"Hartmann, Anton","type":"supergroup"},"date":1756804980,"text":"@ErichHartmann14","entities":[{"offset":0,"length":16,"type":"mention"}]}}
[12:28:00] RAW {"update_id":714710486,
"message":{"message_id":520,"from":{"id":5342143595,"is_bot":false,"first_name":"FZaur","username":"perfumerm"},"chat":{"id":-1003041567533,"title":"Hartmann, Anton","type":"supergroup"},"date":1756805280,"text":"\u041e\u0431\u043d\u043e\u0432\u0438 \u0441\u0442\u0440\u0430\u043d\u0438\u0446\u0443 \u043f\u043e\u043a\u0430\u0437\u044b\u0432\u0430\u0435\u0442 \u0447\u0442\u043e \u0441\u043f\u0438\u0441\u0430\u043b\u043e 123"}}
[12:28:30] RAW {"update_id":714710487,
"message":{"message_id":521,"from":{"id":436612518,"is_bot":false,"first_name":"Anton","last_name":"Beleckiy","username":"a_biletskyi","is_premium":true},"chat":{"id":-1003041567533,"title":"Hartmann, Anton","type":"supergroup"},"date":1756805310,"photo":[{"file_id":"AgACAgIAAyEFAAS1SqMtAAICCWi2uL5CSOeNU0uHKymAQHzWBeb8AAI28TEbwOG5SQOpCJfgFxW0AQADAgADcwADNgQ","file_unique_id":"AQADNvExG8DhuUl4","file_size":1140,"width":90,"height":70},{"file_id":"AgACAgIAAyEFAAS1SqMtAAICCWi2uL5CSOeNU0
[12:34:13] RAW {"update_id":714710488,
"message":{"message_id":522,"from":{"id":436612518,"is_bot":false,"first_name":"Anton","last_name":"Beleckiy","username":"a_biletskyi","is_premium":true},"chat":{"id":-1003041567533,"title":"Hartmann, Anton","type":"supergroup"},"date":1756805653,"text":"\u0442\u0430\u043a \u0447\u0442\u043e?"}}
[12:59:15] RAW {"update_id":714710489,
"message":{"message_id":523,"from":{"id":436612518,"is_bot":false,"first_name":"Anton","last_name":"Beleckiy","username":"a_biletskyi","is_premium":true},"chat":{"id":-1003041567533,"title":"Hartmann, Anton","type":"supergroup"},"date":1756807155,"text":"@ErichHartmann14","entities":[{"offset":0,"length":16,"type":"mention"}]}}
[12:59:35] RAW {"update_id":714710490,
"message":{"message_id":524,"from":{"id":5342143595,"is_bot":false,"first_name":"FZaur","username":"perfumerm"},"chat":{"id":-1003041567533,"title":"Hartmann, Anton","type":"supergroup"},"date":1756807175,"text":"\u041d\u0430\u0434\u043e \u0434\u043e\u043b\u043b\u0430\u0440 \u0441\u043f\u0438\u0441\u0430\u0442\u044c \u0431\u0435\u0437 \u043d\u0435\u0433\u043e \u0445\u043e\u043b\u0434 \u043d\u0435 \u0441\u043d\u0438\u043c\u0435\u0442"}}
[12:59:59] RAW {"update_id":714710491,
"message":{"message_id":525,"from":{"id":436612518,"is_bot":false,"first_name":"Anton","last_name":"Beleckiy","username":"a_biletskyi","is_premium":true},"chat":{"id":-1003041567533,"title":"Hartmann, Anton","type":"supergroup"},"date":1756807198,"text":"1,46?"}}
[13:00:02] RAW {"update_id":714710492,
"message":{"message_id":526,"from":{"id":436612518,"is_bot":false,"first_name":"Anton","last_name":"Beleckiy","username":"a_biletskyi","is_premium":true},"chat":{"id":-1003041567533,"title":"Hartmann, Anton","type":"supergroup"},"date":1756807202,"text":"\u0438\u043b\u0438 \u0434\u043e\u043b\u043b\u0430\u0440?"}}
[13:00:07] RAW {"update_id":714710493,
"message":{"message_id":527,"from":{"id":5342143595,"is_bot":false,"first_name":"FZaur","username":"perfumerm"},"chat":{"id":-1003041567533,"title":"Hartmann, Anton","type":"supergroup"},"date":1756807207,"text":"\u0412\u0441\u044e \u0441\u0443\u043c\u043c\u0443"}}
[13:00:34] RAW {"update_id":714710494,
"message":{"message_id":528,"from":{"id":436612518,"is_bot":false,"first_name":"Anton","last_name":"Beleckiy","username":"a_biletskyi","is_premium":true},"chat":{"id":-1003041567533,"title":"Hartmann, Anton","type":"supergroup"},"date":1756807234,"text":"\u0441\u043f\u0438\u0441\u0430\u043b"}}
[13:00:49] RAW {"update_id":714710495,
"message":{"message_id":529,"from":{"id":436612518,"is_bot":false,"first_name":"Anton","last_name":"Beleckiy","username":"a_biletskyi","is_premium":true},"chat":{"id":-1003041567533,"title":"Hartmann, Anton","type":"supergroup"},"date":1756807249,"text":"\u0447\u0435\u0440\u0435\u0437 \u0432\u0440\u0435\u043c\u044f \u043f\u0440\u043e\u0431\u043e\u0432\u0430\u0442\u044c \u0430\u043f\u0440\u0443\u0432\u043d\u0443\u0442\u044c?"}}
[13:01:00] RAW {"update_id":714710496,
"message":{"message_id":530,"from":{"id":5342143595,"is_bot":false,"first_name":"FZaur","username":"perfumerm"},"chat":{"id":-1003041567533,"title":"Hartmann, Anton","type":"supergroup"},"date":1756807260,"text":"\u0422\u0435\u043f\u0435\u0440\u044c \u043e\u0431\u043d\u043e\u0432\u0438 \u0441\u0442\u0440\u0430\u043d\u0438\u0446\u0443, \u0435\u0441\u043b\u0438 \u0441\u0430\u043c\u043e \u043d\u0435 \u0441\u043f\u0438\u0441\u0430\u043b\u043e, \u0437\u0430\u043d\u043e\u0432\u043e \u043f\
[13:01:46] RAW {"update_id":714710497,
"message":{"message_id":531,"from":{"id":436612518,"is_bot":false,"first_name":"Anton","last_name":"Beleckiy","username":"a_biletskyi","is_premium":true},"chat":{"id":-1003041567533,"title":"Hartmann, Anton","type":"supergroup"},"date":1756807305,"text":"\u043d\u0435 \u0441\u043f\u0438\u0441\u044b\u0432\u0430\u0435\u0442"}}
[13:15:41] RAW {"update_id":714710498,
"message":{"message_id":532,"from":{"id":436612518,"is_bot":false,"first_name":"Anton","last_name":"Beleckiy","username":"a_biletskyi","is_premium":true},"chat":{"id":-1003041567533,"title":"Hartmann, Anton","type":"supergroup"},"date":1756808141,"photo":[{"file_id":"AgACAgIAAyEFAAS1SqMtAAICFGi2w80knXNgAAHaqqBju31oeBfyHwACvfExG8DhuUnaeNaew_hvBwEAAwIAA3MAAzYE","file_unique_id":"AQADvfExG8DhuUl4","file_size":740,"width":90,"height":65},{"file_id":"AgACAgIAAyEFAAS1SqMtAAICFGi2w80knXNgAA
[13:15:50] RAW {"update_id":714710499,
"message":{"message_id":533,"from":{"id":436612518,"is_bot":false,"first_name":"Anton","last_name":"Beleckiy","username":"a_biletskyi","is_premium":true},"chat":{"id":-1003041567533,"title":"Hartmann, Anton","type":"supergroup"},"date":1756808150,"message_thread_id":480,"reply_to_message":{"message_id":480,"from":{"id":5342143595,"is_bot":false,"first_name":"FZaur","username":"perfumerm"},"chat":{"id":-1003041567533,"title":"Hartmann, Anton","type":"supergroup"},"date":1756794155,"ed
[13:59:47] RAW {"update_id":714710500,
"message":{"message_id":534,"from":{"id":5342143595,"is_bot":false,"first_name":"FZaur","username":"perfumerm"},"chat":{"id":-1003041567533,"title":"Hartmann, Anton","type":"supergroup"},"date":1756810787,"text":"\u041f\u043e\u043f\u0440\u043e\u0431\u0443\u0439 \u0441\u044e\u0434\u0430 \u0435\u0449\u0435 \u0440\u0430\u0437"}}
[14:00:10] RAW {"update_id":714710501,
"message":{"message_id":535,"from":{"id":5342143595,"is_bot":false,"first_name":"FZaur","username":"perfumerm"},"chat":{"id":-1003041567533,"title":"Hartmann, Anton","type":"supergroup"},"date":1756810810,"message_thread_id":480,"reply_to_message":{"message_id":533,"from":{"id":436612518,"is_bot":false,"first_name":"Anton","last_name":"Beleckiy","username":"a_biletskyi","is_premium":true},"chat":{"id":-1003041567533,"title":"Hartmann, Anton","type":"supergroup"},"date":1756808150,"me
[14:03:39] RAW {"update_id":714710502,
"message":{"message_id":536,"from":{"id":5342143595,"is_bot":false,"first_name":"FZaur","username":"perfumerm"},"chat":{"id":-1003041567533,"title":"Hartmann, Anton","type":"supergroup"},"date":1756810840,"message_thread_id":532,"reply_to_message":{"message_id":532,"from":{"id":436612518,"is_bot":false,"first_name":"Anton","last_name":"Beleckiy","username":"a_biletskyi","is_premium":true},"chat":{"id":-1003041567533,"title":"Hartmann, Anton","type":"supergroup"},"date":1756808141,"ph
[14:03:39] RAW {"update_id":714710503,
"message":{"message_id":537,"from":{"id":5342143595,"is_bot":false,"first_name":"FZaur","username":"perfumerm"},"chat":{"id":-1003041567533,"title":"Hartmann, Anton","type":"supergroup"},"date":1756810862,"text":"\u041b\u0438\u0431\u043e \u043e\u0444\u043d\u0443\u0442\u044c \u0430\u043a\u043a \u0438 \u0432\u043a\u043b\u044e\u0447\u0430\u0442\u044c \u0435\u0433\u043e \u0432 \u0447\u0435\u0442\u0432\u0435\u0440\u0433, \u0442\u043e\u0433\u0434\u0430 \u0441\u043f\u0438\u0448\u0435\u0442"
[14:03:39] RAW {"update_id":714710504,
"message":{"message_id":538,"from":{"id":436612518,"is_bot":false,"first_name":"Anton","last_name":"Beleckiy","username":"a_biletskyi","is_premium":true},"chat":{"id":-1003041567533,"title":"Hartmann, Anton","type":"supergroup"},"date":1756811019,"message_thread_id":532,"reply_to_message":{"message_id":536,"from":{"id":5342143595,"is_bot":false,"first_name":"FZaur","username":"perfumerm"},"chat":{"id":-1003041567533,"title":"Hartmann, Anton","type":"supergroup"},"date":1756810840,"me
[14:03:55] RAW {"update_id":714710505,
"message":{"message_id":539,"from":{"id":5445483307,"is_bot":false,"first_name":"Hartmann","last_name":"(\u0413\u0430\u0437\u043b\u0430\u0439\u0442\u0435\u0440)","username":"ErichHartmann14","language_code":"ru"},"chat":{"id":-1003041567533,"title":"Hartmann, Anton","type":"supergroup"},"date":1756811035,"text":"/start","entities":[{"offset":0,"length":6,"type":"bot_command"}]}}
[14:03:57] RAW {"update_id":714710506,
"callback_query":{"id":"4941428643554743420","from":{"id":5445483307,"is_bot":false,"first_name":"Hartmann","last_name":"(\u0413\u0430\u0437\u043b\u0430\u0439\u0442\u0435\u0440)","username":"ErichHartmann14","language_code":"ru"},"message":{"message_id":540,"from":{"id":8474170084,"is_bot":true,"first_name":"Ref_serviceEHM","username":"Ref_serviceEHM_Bot"},"chat":{"id":-1003041567533,"title":"Hartmann, Anton","type":"supergroup"},"date":1756811036,"text":"\u0427\u0430\u0442 \u043f\u0
[14:04:01] RAW {"update_id":714710507,
"callback_query":{"id":"4941428642733698940","from":{"id":5445483307,"is_bot":false,"first_name":"Hartmann","last_name":"(\u0413\u0430\u0437\u043b\u0430\u0439\u0442\u0435\u0440)","username":"ErichHartmann14","language_code":"ru"},"message":{"message_id":540,"from":{"id":8474170084,"is_bot":true,"first_name":"Ref_serviceEHM","username":"Ref_serviceEHM_Bot"},"chat":{"id":-1003041567533,"title":"Hartmann, Anton","type":"supergroup"},"date":1756811036,"edit_date":1756811038,"text":"\u041
[14:04:09] RAW {"update_id":714710508,
"callback_query":{"id":"4941428641270976924","from":{"id":5445483307,"is_bot":false,"first_name":"Hartmann","last_name":"(\u0413\u0430\u0437\u043b\u0430\u0439\u0442\u0435\u0440)","username":"ErichHartmann14","language_code":"ru"},"message":{"message_id":540,"from":{"id":8474170084,"is_bot":true,"first_name":"Ref_serviceEHM","username":"Ref_serviceEHM_Bot"},"chat":{"id":-1003041567533,"title":"Hartmann, Anton","type":"supergroup"},"date":1756811036,"edit_date":1756811042,"text":"\u041
[14:04:11] RAW {"update_id":714710509,
"callback_query":{"id":"4941428641883032720","from":{"id":5445483307,"is_bot":false,"first_name":"Hartmann","last_name":"(\u0413\u0430\u0437\u043b\u0430\u0439\u0442\u0435\u0440)","username":"ErichHartmann14","language_code":"ru"},"message":{"message_id":540,"from":{"id":8474170084,"is_bot":true,"first_name":"Ref_serviceEHM","username":"Ref_serviceEHM_Bot"},"chat":{"id":-1003041567533,"title":"Hartmann, Anton","type":"supergroup"},"date":1756811036,"edit_date":1756811049,"text":"\u041
[14:05:12] RAW {"update_id":714710510,
"callback_query":{"id":"4941428640839177422","from":{"id":5445483307,"is_bot":false,"first_name":"Hartmann","last_name":"(\u0413\u0430\u0437\u043b\u0430\u0439\u0442\u0435\u0440)","username":"ErichHartmann14","language_code":"ru"},"message":{"message_id":540,"from":{"id":8474170084,"is_bot":true,"first_name":"Ref_serviceEHM","username":"Ref_serviceEHM_Bot"},"chat":{"id":-1003041567533,"title":"Hartmann, Anton","type":"supergroup"},"date":1756811036,"edit_date":1756811051,"text":"\u041
[14:06:14] RAW {"update_id":714710511,
"message":{"message_id":541,"from":{"id":436612518,"is_bot":false,"first_name":"Anton","last_name":"Beleckiy","username":"a_biletskyi","is_premium":true},"chat":{"id":-1003041567533,"title":"Hartmann, Anton","type":"supergroup"},"date":1756811174,"photo":[{"file_id":"AgACAgIAAyEFAAS1SqMtAAICHWi2z6az0jHyMy005m3swGaGnorbAAIm8jEbwOG5SbyaGxeAImOcAQADAgADcwADNgQ","file_unique_id":"AQADJvIxG8DhuUl4","file_size":906,"width":90,"height":52},{"file_id":"AgACAgIAAyEFAAS1SqMtAAICHWi2z6az0jHyMy0
[14:06:17] RAW {"update_id":714710512,
"message":{"message_id":542,"from":{"id":436612518,"is_bot":false,"first_name":"Anton","last_name":"Beleckiy","username":"a_biletskyi","is_premium":true},"chat":{"id":-1003041567533,"title":"Hartmann, Anton","type":"supergroup"},"date":1756811177,"text":"\u044d\u0442\u043e \u043d\u0443\u0436\u043d\u043e ?"}}
[14:06:31] RAW {"update_id":714710513,
"callback_query":{"id":"4941428643053039745","from":{"id":5445483307,"is_bot":false,"first_name":"Hartmann","last_name":"(\u0413\u0430\u0437\u043b\u0430\u0439\u0442\u0435\u0440)","username":"ErichHartmann14","language_code":"ru"},"message":{"message_id":540,"from":{"id":8474170084,"is_bot":true,"first_name":"Ref_serviceEHM","username":"Ref_serviceEHM_Bot"},"chat":{"id":-1003041567533,"title":"Hartmann, Anton","type":"supergroup"},"date":1756811036,"edit_date":1756811112,"text":"\u041
[14:06:31] editMessageText ERR: TG error 400: Bad Request: message is not modified: specified new message content and reply markup are exactly the same as a current content and reply markup of the message
[14:06:32] RAW {"update_id":714710514,
"callback_query":{"id":"4941428642744412600","from":{"id":5445483307,"is_bot":false,"first_name":"Hartmann","last_name":"(\u0413\u0430\u0437\u043b\u0430\u0439\u0442\u0435\u0440)","username":"ErichHartmann14","language_code":"ru"},"message":{"message_id":540,"from":{"id":8474170084,"is_bot":true,"first_name":"Ref_serviceEHM","username":"Ref_serviceEHM_Bot"},"chat":{"id":-1003041567533,"title":"Hartmann, Anton","type":"supergroup"},"date":1756811036,"edit_date":1756811112,"text":"\u041
[14:06:32] editMessageText ERR: TG error 400: Bad Request: message is not modified: specified new message content and reply markup are exactly the same as a current content and reply markup of the message
[14:06:33] RAW {"update_id":714710515,
"callback_query":{"id":"4941428644294047575","from":{"id":5445483307,"is_bot":false,"first_name":"Hartmann","last_name":"(\u0413\u0430\u0437\u043b\u0430\u0439\u0442\u0435\u0440)","username":"ErichHartmann14","language_code":"ru"},"message":{"message_id":540,"from":{"id":8474170084,"is_bot":true,"first_name":"Ref_serviceEHM","username":"Ref_serviceEHM_Bot"},"chat":{"id":-1003041567533,"title":"Hartmann, Anton","type":"supergroup"},"date":1756811036,"edit_date":1756811112,"text":"\u041
[14:06:36] RAW {"update_id":714710516,
"callback_query":{"id":"4941428641005170407","from":{"id":5445483307,"is_bot":false,"first_name":"Hartmann","last_name":"(\u0413\u0430\u0437\u043b\u0430\u0439\u0442\u0435\u0440)","username":"ErichHartmann14","language_code":"ru"},"message":{"message_id":540,"from":{"id":8474170084,"is_bot":true,"first_name":"Ref_serviceEHM","username":"Ref_serviceEHM_Bot"},"chat":{"id":-1003041567533,"title":"Hartmann, Anton","type":"supergroup"},"date":1756811036,"edit_date":1756811194,"text":"\u041
[14:06:38] RAW {"update_id":714710517,
"message":{"message_id":543,"from":{"id":436612518,"is_bot":false,"first_name":"Anton","last_name":"Beleckiy","username":"a_biletskyi","is_premium":true},"chat":{"id":-1003041567533,"title":"Hartmann, Anton","type":"supergroup"},"date":1756811197,"text":"1193286438"}}
[14:06:39] RAW {"update_id":714710518,
"callback_query":{"id":"4941428642569611978","from":{"id":5445483307,"is_bot":false,"first_name":"Hartmann","last_name":"(\u0413\u0430\u0437\u043b\u0430\u0439\u0442\u0435\u0440)","username":"ErichHartmann14","language_code":"ru"},"message":{"message_id":540,"from":{"id":8474170084,"is_bot":true,"first_name":"Ref_serviceEHM","username":"Ref_serviceEHM_Bot"},"chat":{"id":-1003041567533,"title":"Hartmann, Anton","type":"supergroup"},"date":1756811036,"edit_date":1756811197,"text":"\u041
[14:06:40] editMessageText ERR: TG error 400: Bad Request: message is not modified: specified new message content and reply markup are exactly the same as a current content and reply markup of the message
[14:06:40] RAW {"update_id":714710519,
"callback_query":{"id":"4941428645000303659","from":{"id":5445483307,"is_bot":false,"first_name":"Hartmann","last_name":"(\u0413\u0430\u0437\u043b\u0430\u0439\u0442\u0435\u0440)","username":"ErichHartmann14","language_code":"ru"},"message":{"message_id":540,"from":{"id":8474170084,"is_bot":true,"first_name":"Ref_serviceEHM","username":"Ref_serviceEHM_Bot"},"chat":{"id":-1003041567533,"title":"Hartmann, Anton","type":"supergroup"},"date":1756811036,"edit_date":1756811197,"text":"\u041
[14:09:06] RAW {"update_id":714710520,
"message":{"message_id":544,"from":{"id":436612518,"is_bot":false,"first_name":"Anton","last_name":"Beleckiy","username":"a_biletskyi","is_premium":true},"chat":{"id":-1003041567533,"title":"Hartmann, Anton","type":"supergroup"},"date":1756811346,"text":"@perfumerm ?","entities":[{"offset":0,"length":10,"type":"mention"}]}}
[14:17:12] RAW {"update_id":714710521,
"message":{"message_id":545,"from":{"id":5342143595,"is_bot":false,"first_name":"FZaur","username":"perfumerm"},"chat":{"id":-1003041567533,"title":"Hartmann, Anton","type":"supergroup"},"date":1756811832,"text":"\u0414\u0430 \u0441\u0435\u043a"}}
[14:19:15] RAW {"update_id":714710522,
"message":{"message_id":546,"from":{"id":5342143595,"is_bot":false,"first_name":"FZaur","username":"perfumerm"},"chat":{"id":-1003041567533,"title":"Hartmann, Anton","type":"supergroup"},"date":1756811955,"text":"\u0437\u0430\u0445\u043e\u0436\u0443 @a_biletskyi \u043f\u043e\u0434\u0442\u0432\u0435\u0440\u0434\u0438","entities":[{"offset":7,"length":12,"type":"mention"}]}}
[14:19:33] RAW {"update_id":714710523,
"message":{"message_id":547,"from":{"id":5445483307,"is_bot":false,"first_name":"Hartmann","last_name":"(\u0413\u0430\u0437\u043b\u0430\u0439\u0442\u0435\u0440)","username":"ErichHartmann14","language_code":"ru"},"chat":{"id":-1003041567533,"title":"Hartmann, Anton","type":"supergroup"},"date":1756811973,"text":"\u043e\u0442\u043a\u0440\u043e\u0439\u0442\u0435 \u043a\u0440\u0438\u043f\u0442\u043e \u043a\u043e\u0448\u0435\u043b\u0435\u043a"}}
[14:19:38] RAW {"update_id":714710524,
"message":{"message_id":548,"from":{"id":5445483307,"is_bot":false,"first_name":"Hartmann","last_name":"(\u0413\u0430\u0437\u043b\u0430\u0439\u0442\u0435\u0440)","username":"ErichHartmann14","language_code":"ru"},"chat":{"id":-1003041567533,"title":"Hartmann, Anton","type":"supergroup"},"date":1756811977,"text":"\u0438 \u0437\u0430\u043a\u0440\u043e\u0439\u0442\u0435 \u0433\u043b\u0430\u0437\u0430"}}
[14:20:17] RAW {"update_id":714710525,
"message":{"message_id":549,"from":{"id":436612518,"is_bot":false,"first_name":"Anton","last_name":"Beleckiy","username":"a_biletskyi","is_premium":true},"chat":{"id":-1003041567533,"title":"Hartmann, Anton","type":"supergroup"},"date":1756812017,"message_thread_id":546,"reply_to_message":{"message_id":546,"from":{"id":5342143595,"is_bot":false,"first_name":"FZaur","username":"perfumerm"},"chat":{"id":-1003041567533,"title":"Hartmann, Anton","type":"supergroup"},"date":1756811955,"te
[14:20:53] RAW {"update_id":714710526,
"message":{"message_id":550,"from":{"id":5342143595,"is_bot":false,"first_name":"FZaur","username":"perfumerm"},"chat":{"id":-1003041567533,"title":"Hartmann, Anton","type":"supergroup"},"date":1756812053,"text":"\u0435\u0449\u0435 \u0440\u0430\u0437, \u043d\u0435 \u043f\u0440\u0438\u043d\u044f\u043b\u043e \u043f\u0435\u0440\u0432\u044b\u0439"}}
[14:22:03] RAW {"update_id":714710527,
"message":{"message_id":551,"from":{"id":436612518,"is_bot":false,"first_name":"Anton","last_name":"Beleckiy","username":"a_biletskyi","is_premium":true},"chat":{"id":-1003041567533,"title":"Hartmann, Anton","type":"supergroup"},"date":1756812123,"text":"\u0421\u043d\u043e\u0432\u0430 \u043d\u0435 \u043f\u043e\u043b\u0443\u0447\u0438\u043b\u043e\u0441\u044c ?"}}
[14:22:12] RAW {"update_id":714710528,
"message":{"message_id":552,"from":{"id":5342143595,"is_bot":false,"first_name":"FZaur","username":"perfumerm"},"chat":{"id":-1003041567533,"title":"Hartmann, Anton","type":"supergroup"},"date":1756812132,"text":"+"}}
[14:22:28] RAW {"update_id":714710529,
"message":{"message_id":553,"from":{"id":5342143595,"is_bot":false,"first_name":"FZaur","username":"perfumerm"},"chat":{"id":-1003041567533,"title":"Hartmann, Anton","type":"supergroup"},"date":1756812147,"photo":[{"file_id":"AgACAgIAAyEFAAS1SqMtAAICKWi203NmQOTlBezKLqbrZVQvXLctAAJE8jEbwOG5SQLY_0ZcdNFCAQADAgADcwADNgQ","file_unique_id":"AQADRPIxG8DhuUl4","file_size":476,"width":90,"height":14},{"file_id":"AgACAgIAAyEFAAS1SqMtAAICKWi203NmQOTlBezKLqbrZVQvXLctAAJE8jEbwOG5SQLY_0ZcdNFCAQADA
[14:22:39] RAW {"update_id":714710530,
"message":{"message_id":554,"from":{"id":5342143595,"is_bot":false,"first_name":"FZaur","username":"perfumerm"},"chat":{"id":-1003041567533,"title":"Hartmann, Anton","type":"supergroup"},"date":1756812159,"text":"\u0440\u0434\u043f?"}}
[14:22:47] RAW {"update_id":714710531,
"message":{"message_id":555,"from":{"id":436612518,"is_bot":false,"first_name":"Anton","last_name":"Beleckiy","username":"a_biletskyi","is_premium":true},"chat":{"id":-1003041567533,"title":"Hartmann, Anton","type":"supergroup"},"date":1756812167,"text":"\u0412 \u043d\u0430\u0441\u0442\u0440\u043e\u0439\u043a\u0430\u0445 \u043c\u0431 \u0447\u0442\u043e \u0442\u043e \u0442\u044b\u043a\u043d\u0443\u0442\u044c \u043d\u0443\u0436\u043d\u043e"}}
[14:22:48] RAW {"update_id":714710532,
"message":{"message_id":556,"from":{"id":436612518,"is_bot":false,"first_name":"Anton","last_name":"Beleckiy","username":"a_biletskyi","is_premium":true},"chat":{"id":-1003041567533,"title":"Hartmann, Anton","type":"supergroup"},"date":1756812168,"text":"\u0427\u0435\u043a"}}
[14:22:50] RAW {"update_id":714710533,
"message":{"message_id":557,"from":{"id":436612518,"is_bot":false,"first_name":"Anton","last_name":"Beleckiy","username":"a_biletskyi","is_premium":true},"chat":{"id":-1003041567533,"title":"Hartmann, Anton","type":"supergroup"},"date":1756812170,"text":"\u0421\u0435\u043a"}}
[14:22:52] RAW {"update_id":714710534,
"message":{"message_id":558,"from":{"id":5342143595,"is_bot":false,"first_name":"FZaur","username":"perfumerm"},"chat":{"id":-1003041567533,"title":"Hartmann, Anton","type":"supergroup"},"date":1756812172,"text":"\u043e\u043a"}}
[14:26:06] RAW {"update_id":714710535,
"message":{"message_id":559,"from":{"id":436612518,"is_bot":false,"first_name":"Anton","last_name":"Beleckiy","username":"a_biletskyi","is_premium":true},"chat":{"id":-1003041567533,"title":"Hartmann, Anton","type":"supergroup"},"date":1756812366,"text":"\u043c\u043e\u0436\u0435\u043c \u043f\u0440\u043e\u0441\u0442\u043e \u0441\u043e\u0437\u0432\u043e\u043d \u0441\u0434\u0435\u043b\u0430\u0442\u044c, \u044f \u044d\u043a\u0440\u0430\u043d \u043f\u043e\u0448\u0430\u0440\u044e \u043f\u0
[14:26:23] RAW {"update_id":714710536,
"message":{"message_id":560,"from":{"id":436612518,"is_bot":false,"first_name":"Anton","last_name":"Beleckiy","username":"a_biletskyi","is_premium":true},"chat":{"id":-1003041567533,"title":"Hartmann, Anton","type":"supergroup"},"date":1756812382,"text":"\u043f\u043e\u0442\u043e\u043c\u0443 \u0447\u0442\u043e \u043d\u0435 \u043f\u043e\u043d\u0438\u043c\u0430\u044e \u043f\u043e\u0447\u0435\u043c\u0443 \u043d\u0435 \u043f\u043e\u0434\u043a\u043b\u044e\u0447\u0430\u0435\u0442\u0441\u044
[14:26:29] RAW {"update_id":714710537,
"message":{"message_id":561,"from":{"id":5342143595,"is_bot":false,"first_name":"FZaur","username":"perfumerm"},"chat":{"id":-1003041567533,"title":"Hartmann, Anton","type":"supergroup"},"date":1756812389,"text":"\u0414\u0430\u0432\u0430\u0439"}}
[14:27:11] RAW {"update_id":714710538,
"message":{"message_id":562,"from":{"id":5445483307,"is_bot":false,"first_name":"Hartmann","last_name":"(\u0413\u0430\u0437\u043b\u0430\u0439\u0442\u0435\u0440)","username":"ErichHartmann14","language_code":"ru"},"chat":{"id":-1003041567533,"title":"Hartmann, Anton","type":"supergroup"},"date":1756812431,"text":"/start","entities":[{"offset":0,"length":6,"type":"bot_command"}]}}
[14:27:13] RAW {"update_id":714710539,
"callback_query":{"id":"4941428641040867672","from":{"id":5445483307,"is_bot":false,"first_name":"Hartmann","last_name":"(\u0413\u0430\u0437\u043b\u0430\u0439\u0442\u0435\u0440)","username":"ErichHartmann14","language_code":"ru"},"message":{"message_id":563,"from":{"id":8474170084,"is_bot":true,"first_name":"Ref_serviceEHM","username":"Ref_serviceEHM_Bot"},"chat":{"id":-1003041567533,"title":"Hartmann, Anton","type":"supergroup"},"date":1756812431,"text":"\u0427\u0430\u0442 \u043f\u0
[14:27:15] RAW {"update_id":714710540,
"callback_query":{"id":"4941428642427888950","from":{"id":5445483307,"is_bot":false,"first_name":"Hartmann","last_name":"(\u0413\u0430\u0437\u043b\u0430\u0439\u0442\u0435\u0440)","username":"ErichHartmann14","language_code":"ru"},"message":{"message_id":563,"from":{"id":8474170084,"is_bot":true,"first_name":"Ref_serviceEHM","username":"Ref_serviceEHM_Bot"},"chat":{"id":-1003041567533,"title":"Hartmann, Anton","type":"supergroup"},"date":1756812431,"edit_date":1756812434,"text":"\u041
[14:27:16] RAW {"update_id":714710541,
"callback_query":{"id":"4941428644515497436","from":{"id":5445483307,"is_bot":false,"first_name":"Hartmann","last_name":"(\u0413\u0430\u0437\u043b\u0430\u0439\u0442\u0435\u0440)","username":"ErichHartmann14","language_code":"ru"},"message":{"message_id":563,"from":{"id":8474170084,"is_bot":true,"first_name":"Ref_serviceEHM","username":"Ref_serviceEHM_Bot"},"chat":{"id":-1003041567533,"title":"Hartmann, Anton","type":"supergroup"},"date":1756812431,"edit_date":1756812436,"text":"\u041
[14:45:16] RAW {"update_id":714710542,
"callback_query":{"id":"4941428641746994350","from":{"id":5445483307,"is_bot":false,"first_name":"Hartmann","last_name":"(\u0413\u0430\u0437\u043b\u0430\u0439\u0442\u0435\u0440)","username":"ErichHartmann14","language_code":"ru"},"message":{"message_id":563,"from":{"id":8474170084,"is_bot":true,"first_name":"Ref_serviceEHM","username":"Ref_serviceEHM_Bot"},"chat":{"id":-1003041567533,"title":"Hartmann, Anton","type":"supergroup"},"date":1756812431,"edit_date":1756812437,"text":"\u041
[14:45:16] editMessageText ERR: TG error 400: Bad Request: message is not modified: specified new message content and reply markup are exactly the same as a current content and reply markup of the message
[14:45:18] RAW {"update_id":714710543,
"callback_query":{"id":"4941428644815490872","from":{"id":5445483307,"is_bot":false,"first_name":"Hartmann","last_name":"(\u0413\u0430\u0437\u043b\u0430\u0439\u0442\u0435\u0440)","username":"ErichHartmann14","language_code":"ru"},"message":{"message_id":563,"from":{"id":8474170084,"is_bot":true,"first_name":"Ref_serviceEHM","username":"Ref_serviceEHM_Bot"},"chat":{"id":-1003041567533,"title":"Hartmann, Anton","type":"supergroup"},"date":1756812431,"edit_date":1756812437,"text":"\u041
[14:45:19] RAW {"update_id":714710544,
"callback_query":{"id":"4941428644535812002","from":{"id":5445483307,"is_bot":false,"first_name":"Hartmann","last_name":"(\u0413\u0430\u0437\u043b\u0430\u0439\u0442\u0435\u0440)","username":"ErichHartmann14","language_code":"ru"},"message":{"message_id":563,"from":{"id":8474170084,"is_bot":true,"first_name":"Ref_serviceEHM","username":"Ref_serviceEHM_Bot"},"chat":{"id":-1003041567533,"title":"Hartmann, Anton","type":"supergroup"},"date":1756812431,"edit_date":1756813519,"text":"\u041
[14:46:34] RAW {"update_id":714710545,
"callback_query":{"id":"4941428644433650750","from":{"id":5445483307,"is_bot":false,"first_name":"Hartmann","last_name":"(\u0413\u0430\u0437\u043b\u0430\u0439\u0442\u0435\u0440)","username":"ErichHartmann14","language_code":"ru"},"message":{"message_id":563,"from":{"id":8474170084,"is_bot":true,"first_name":"Ref_serviceEHM","username":"Ref_serviceEHM_Bot"},"chat":{"id":-1003041567533,"title":"Hartmann, Anton","type":"supergroup"},"date":1756812431,"edit_date":1756813520,"text":"\u041
[14:46:34] editMessageText ERR: TG error 400: Bad Request: message is not modified: specified new message content and reply markup are exactly the same as a current content and reply markup of the message
[23:25:24] drop:newop in chat=-4884699865, drop_id=5, thread=0
[23:25:31] /sum commit: chat=-4884699865, thread=0, drop_id=5, card_id=30, type=topup, amount=123.45
[23:25:31] notify_all_on_card_op ERR: Call to undefined function notify_all_on_card_op()
[23:25:31] notify_team fallback ERR: SQLSTATE[42S22]: Column not found: 1054 Unknown column 'last4' in 'SELECT'
[23:34:32] drop:newop chat=-4884699865 drop_id=5 thr=0
[23:34:38] /sum commit chat=-4884699865 thr=0 drop_id=5 card_id=30 type=debit amount=123.45
