[2025-08-29 18:10:12] BUYER RAW: {"update_id":31966712,
"message":{"message_id":20,"from":{"id":5445483307,"is_bot":false,"first_name":"Hartmann","last_name":"(\u0413\u0430\u0437\u043b\u0430\u0439\u0442\u0435\u0440)","username":"ErichHartmann14","language_code":"ru"},"chat":{"id":5445483307,"first_name":"Hartmann","last_name":"(\u0413\u0430\u0437\u043b\u0430\u0439\u0442\u0435\u0440)","username":"ErichHartmann14","type":"private"},"date":1756480212,"text":"/start","entities":[{"offset":0,"length":6,"type":"bot_command"}]}}
[2025-08-29 18:10:14] BUYER RAW: {"update_id":31966713,
"message":{"message_id":22,"from":{"id":5445483307,"is_bot":false,"first_name":"Hartmann","last_name":"(\u0413\u0430\u0437\u043b\u0430\u0439\u0442\u0435\u0440)","username":"ErichHartmann14","language_code":"ru"},"chat":{"id":5445483307,"first_name":"Hartmann","last_name":"(\u0413\u0430\u0437\u043b\u0430\u0439\u0442\u0435\u0440)","username":"ErichHartmann14","type":"private"},"date":1756480214,"text":"\u041e\u0431\u0449\u0438\u0439 \u0431\u0430\u043b\u0430\u043d\u0441 \u043f\u043e \u043a\u0430\u0440\u0442\u0430\u043c"}}
[2025-08-29 18:10:30] BUYER RAW: {"update_id":31966721,
"message":{"message_id":174,"from":{"id":5445483307,"is_bot":false,"first_name":"Hartmann","last_name":"(\u0413\u0430\u0437\u043b\u0430\u0439\u0442\u0435\u0440)","username":"ErichHartmann14","language_code":"ru"},"chat":{"id":-1003036274761,"title":"REF [ADMIN]","type":"supergroup"},"date":1756480229,"text":"/start","entities":[{"offset":0,"length":6,"type":"bot_command"}]}}
[2025-08-29 18:10:30] BUYER RAW: {"update_id":31966714,
"message":{"message_id":24,"from":{"id":5445483307,"is_bot":false,"first_name":"Hartmann","last_name":"(\u0413\u0430\u0437\u043b\u0430\u0439\u0442\u0435\u0440)","username":"ErichHartmann14","language_code":"ru"},"chat":{"id":5445483307,"first_name":"Hartmann","last_name":"(\u0413\u0430\u0437\u043b\u0430\u0439\u0442\u0435\u0440)","username":"ErichHartmann14","type":"private"},"date":1756480216,"text":"\u0412\u044b\u0431\u043e\u0440 \u043a\u0430\u0440\u0442\u044b"}}
[2025-08-29 18:10:31] BUYER RAW: {"update_id":31966715,
"message":{"message_id":25,"from":{"id":5445483307,"is_bot":false,"first_name":"Hartmann","last_name":"(\u0413\u0430\u0437\u043b\u0430\u0439\u0442\u0435\u0440)","username":"ErichHartmann14","language_code":"ru"},"chat":{"id":5445483307,"first_name":"Hartmann","last_name":"(\u0413\u0430\u0437\u043b\u0430\u0439\u0442\u0435\u0440)","username":"ErichHartmann14","type":"private"},"date":1756480218,"text":"\u041f\u043e\u0441\u043b\u0435\u0434\u043d\u0438\u0435 \u043e\u043f\u0435\u0440\u0430\u0446\u0438\u0438"}}
[2025-08-29 18:10:31] BUYER RAW: {"update_id":31966716,
"message":{"message_id":26,"from":{"id":5445483307,"is_bot":false,"first_name":"Hartmann","last_name":"(\u0413\u0430\u0437\u043b\u0430\u0439\u0442\u0435\u0440)","username":"ErichHartmann14","language_code":"ru"},"chat":{"id":5445483307,"first_name":"Hartmann","last_name":"(\u0413\u0430\u0437\u043b\u0430\u0439\u0442\u0435\u0440)","username":"ErichHartmann14","type":"private"},"date":1756480219,"text":"\u041e\u0431\u0449\u0438\u0439 \u0431\u0430\u043b\u0430\u043d\u0441 \u043f\u043e \u043a\u0430\u0440\u0442\u0430\u043c"}}
[2025-08-29 18:10:31] BUYER RAW: {"update_id":31966717,
"message":{"message_id":27,"from":{"id":5445483307,"is_bot":false,"first_name":"Hartmann","last_name":"(\u0413\u0430\u0437\u043b\u0430\u0439\u0442\u0435\u0440)","username":"ErichHartmann14","language_code":"ru"},"chat":{"id":5445483307,"first_name":"Hartmann","last_name":"(\u0413\u0430\u0437\u043b\u0430\u0439\u0442\u0435\u0440)","username":"ErichHartmann14","type":"private"},"date":1756480220,"text":"\u0412\u044b\u0431\u043e\u0440 \u043a\u0430\u0440\u0442\u044b"}}
[2025-08-29 18:10:32] BUYER RAW: {"update_id":31966718,
"message":{"message_id":28,"from":{"id":5445483307,"is_bot":false,"first_name":"Hartmann","last_name":"(\u0413\u0430\u0437\u043b\u0430\u0439\u0442\u0435\u0440)","username":"ErichHartmann14","language_code":"ru"},"chat":{"id":5445483307,"first_name":"Hartmann","last_name":"(\u0413\u0430\u0437\u043b\u0430\u0439\u0442\u0435\u0440)","username":"ErichHartmann14","type":"private"},"date":1756480220,"text":"\u041f\u043e\u0441\u043b\u0435\u0434\u043d\u0438\u0435 \u043e\u043f\u0435\u0440\u0430\u0446\u0438\u0438"}}
[2025-08-29 18:10:32] BUYER RAW: {"update_id":31966719,
"message":{"message_id":29,"from":{"id":5445483307,"is_bot":false,"first_name":"Hartmann","last_name":"(\u0413\u0430\u0437\u043b\u0430\u0439\u0442\u0435\u0440)","username":"ErichHartmann14","language_code":"ru"},"chat":{"id":5445483307,"first_name":"Hartmann","last_name":"(\u0413\u0430\u0437\u043b\u0430\u0439\u0442\u0435\u0440)","username":"ErichHartmann14","type":"private"},"date":1756480221,"text":"\u041e\u0431\u0449\u0438\u0439 \u0431\u0430\u043b\u0430\u043d\u0441 \u043f\u043e \u043a\u0430\u0440\u0442\u0430\u043c"}}
[2025-08-29 18:10:32] BUYER RAW: {"update_id":31966720,
"message":{"message_id":30,"from":{"id":5445483307,"is_bot":false,"first_name":"Hartmann","last_name":"(\u0413\u0430\u0437\u043b\u0430\u0439\u0442\u0435\u0440)","username":"ErichHartmann14","language_code":"ru"},"chat":{"id":5445483307,"first_name":"Hartmann","last_name":"(\u0413\u0430\u0437\u043b\u0430\u0439\u0442\u0435\u0440)","username":"ErichHartmann14","type":"private"},"date":1756480221,"text":"\u0412\u044b\u0431\u043e\u0440 \u043a\u0430\u0440\u0442\u044b"}}
[2025-08-29 18:10:36] BUYER RAW: {"update_id":31966722,
"message":{"message_id":176,"from":{"id":5342143595,"is_bot":false,"first_name":"FZaur","username":"perfumerm"},"chat":{"id":-1003036274761,"title":"REF [ADMIN]","type":"supergroup"},"date":1756480236,"message_thread_id":175,"reply_to_message":{"message_id":175,"from":{"id":5844728415,"is_bot":true,"first_name":"EHM_Shop","username":"EHMMarketing_Bot"},"chat":{"id":-1003036274761,"title":"REF [ADMIN]","type":"supergroup"},"date":1756480230,"text":"\u0412\u044b\u0431\u0435\u0440\u0438\u0442\u0435 \u0440\u0430\u0437\u0434\u0435\u043b:"},"text":"\u0412\u044b\u0431\u043e\u0440 \u043a\u0430\u0440\u0442\u044b"}}
[2025-08-29 18:10:38] BUYER RAW: {"update_id":31966723,
"message":{"message_id":178,"from":{"id":5342143595,"is_bot":false,"first_name":"FZaur","username":"perfumerm"},"chat":{"id":-1003036274761,"title":"REF [ADMIN]","type":"supergroup"},"date":1756480238,"message_thread_id":175,"reply_to_message":{"message_id":175,"from":{"id":5844728415,"is_bot":true,"first_name":"EHM_Shop","username":"EHMMarketing_Bot"},"chat":{"id":-1003036274761,"title":"REF [ADMIN]","type":"supergroup"},"date":1756480230,"text":"\u0412\u044b\u0431\u0435\u0440\u0438\u0442\u0435 \u0440\u0430\u0437\u0434\u0435\u043b:"},"text":"\u041f\u043e\u0441\u043b\u0435\u0434\u043d\u0438\u0435 \u043e\u043f\u0435\u0440\u0430\u0446\u0438\u0438"}}
[2025-08-29 18:10:38] BUYER RAW: {"update_id":31966724,
"message":{"message_id":180,"from":{"id":5342143595,"is_bot":false,"first_name":"FZaur","username":"perfumerm"},"chat":{"id":-1003036274761,"title":"REF [ADMIN]","type":"supergroup"},"date":1756480238,"message_thread_id":175,"reply_to_message":{"message_id":175,"from":{"id":5844728415,"is_bot":true,"first_name":"EHM_Shop","username":"EHMMarketing_Bot"},"chat":{"id":-1003036274761,"title":"REF [ADMIN]","type":"supergroup"},"date":1756480230,"text":"\u0412\u044b\u0431\u0435\u0440\u0438\u0442\u0435 \u0440\u0430\u0437\u0434\u0435\u043b:"},"text":"\u041e\u0431\u0449\u0438\u0439 \u0431\u0430\u043b\u0430\u043d\u0441 \u043f\u043e \u043a\u0430\u0440\u0442\u0430\u043c"}}
[2025-08-29 18:10:45] BUYER RAW: {"update_id":31966725,
"message":{"message_id":182,"from":{"id":5445483307,"is_bot":false,"first_name":"Hartmann","last_name":"(\u0413\u0430\u0437\u043b\u0430\u0439\u0442\u0435\u0440)","username":"ErichHartmann14","language_code":"ru"},"chat":{"id":-1003036274761,"title":"REF [ADMIN]","type":"supergroup"},"date":1756480245,"text":"\u0441\u0442\u043e\u043f \u0441\u0443\u043a\u0430"}}
[2025-08-29 18:10:45] BUYER RAW: {"update_id":31966726,
"message":{"message_id":184,"from":{"id":5342143595,"is_bot":false,"first_name":"FZaur","username":"perfumerm"},"chat":{"id":-1003036274761,"title":"REF [ADMIN]","type":"supergroup"},"date":1756480245,"text":"\u0441\u0430\u043b\u0430\u0442 \u0446\u0435\u0437\u0430\u0440\u044c"}}
[2025-08-29 18:10:49] BUYER RAW: {"update_id":31966727,
"message":{"message_id":186,"from":{"id":5445483307,"is_bot":false,"first_name":"Hartmann","last_name":"(\u0413\u0430\u0437\u043b\u0430\u0439\u0442\u0435\u0440)","username":"ErichHartmann14","language_code":"ru"},"chat":{"id":-1003036274761,"title":"REF [ADMIN]","type":"supergroup"},"date":1756480249,"text":"\u0421\u0422\u041e\u041f\u0410"}}
[2025-08-29 18:10:51] BUYER RAW: {"update_id":31966728,
"message":{"message_id":188,"from":{"id":5342143595,"is_bot":false,"first_name":"FZaur","username":"perfumerm"},"chat":{"id":-1003036274761,"title":"REF [ADMIN]","type":"supergroup"},"date":1756480251,"text":"\u043a\u0430\u043b\u044c\u044f\u043d"}}
[2025-08-29 18:10:58] BUYER RAW: {"update_id":31966729,
"message":{"message_id":190,"from":{"id":5445483307,"is_bot":false,"first_name":"Hartmann","last_name":"(\u0413\u0430\u0437\u043b\u0430\u0439\u0442\u0435\u0440)","username":"ErichHartmann14","language_code":"ru"},"chat":{"id":-1003036274761,"title":"REF [ADMIN]","type":"supergroup"},"date":1756480258,"message_thread_id":175,"reply_to_message":{"message_id":175,"from":{"id":5844728415,"is_bot":true,"first_name":"EHM_Shop","username":"EHMMarketing_Bot"},"chat":{"id":-1003036274761,"title":"REF [ADMIN]","type":"supergroup"},"date":1756480230,"text":"\u0412\u044b\u0431\u0435\u0440\u0438\u0442\u0435 \u0440\u0430\u0437\u0434\u0435\u043b:"},"text":"\u041f\u043e\u0441\u043b\u0435\u0434\u043d\u0438\u0435 \u043e\u043f\u0435\u0440\u0430\u0446\u0438\u0438"}}
[2025-08-29 18:10:59] BUYER RAW: {"update_id":31966730,
"message":{"message_id":192,"from":{"id":5445483307,"is_bot":false,"first_name":"Hartmann","last_name":"(\u0413\u0430\u0437\u043b\u0430\u0439\u0442\u0435\u0440)","username":"ErichHartmann14","language_code":"ru"},"chat":{"id":-1003036274761,"title":"REF [ADMIN]","type":"supergroup"},"date":1756480259,"message_thread_id":175,"reply_to_message":{"message_id":175,"from":{"id":5844728415,"is_bot":true,"first_name":"EHM_Shop","username":"EHMMarketing_Bot"},"chat":{"id":-1003036274761,"title":"REF [ADMIN]","type":"supergroup"},"date":1756480230,"text":"\u0412\u044b\u0431\u0435\u0440\u0438\u0442\u0435 \u0440\u0430\u0437\u0434\u0435\u043b:"},"text":"\u0412\u044b\u0431\u043e\u0440 \u043a\u0430\u0440\u0442\u044b"}}
[2025-08-29 18:11:01] BUYER RAW: {"update_id":31966731,
"message":{"message_id":194,"from":{"id":5445483307,"is_bot":false,"first_name":"Hartmann","last_name":"(\u0413\u0430\u0437\u043b\u0430\u0439\u0442\u0435\u0440)","username":"ErichHartmann14","language_code":"ru"},"chat":{"id":-1003036274761,"title":"REF [ADMIN]","type":"supergroup"},"date":1756480261,"message_thread_id":175,"reply_to_message":{"message_id":175,"from":{"id":5844728415,"is_bot":true,"first_name":"EHM_Shop","username":"EHMMarketing_Bot"},"chat":{"id":-1003036274761,"title":"REF [ADMIN]","type":"supergroup"},"date":1756480230,"text":"\u0412\u044b\u0431\u0435\u0440\u0438\u0442\u0435 \u0440\u0430\u0437\u0434\u0435\u043b:"},"text":"\u041e\u0431\u0449\u0438\u0439 \u0431\u0430\u043b\u0430\u043d\u0441 \u043f\u043e \u043a\u0430\u0440\u0442\u0430\u043c"}}
[2025-08-29 18:17:53] BUYER RAW: {"update_id":31966732,
"message":{"message_id":38,"from":{"id":5445483307,"is_bot":false,"first_name":"Hartmann","last_name":"(\u0413\u0430\u0437\u043b\u0430\u0439\u0442\u0435\u0440)","username":"ErichHartmann14","language_code":"ru"},"chat":{"id":5445483307,"first_name":"Hartmann","last_name":"(\u0413\u0430\u0437\u043b\u0430\u0439\u0442\u0435\u0440)","username":"ErichHartmann14","type":"private"},"date":1756480673,"text":"\u041e\u0431\u0449\u0438\u0439 \u0431\u0430\u043b\u0430\u043d\u0441 \u043f\u043e \u043a\u0430\u0440\u0442\u0430\u043c"}}
[2025-08-29 18:17:54] BUYER RAW: {"update_id":31966733,
"message":{"message_id":40,"from":{"id":5445483307,"is_bot":false,"first_name":"Hartmann","last_name":"(\u0413\u0430\u0437\u043b\u0430\u0439\u0442\u0435\u0440)","username":"ErichHartmann14","language_code":"ru"},"chat":{"id":5445483307,"first_name":"Hartmann","last_name":"(\u0413\u0430\u0437\u043b\u0430\u0439\u0442\u0435\u0440)","username":"ErichHartmann14","type":"private"},"date":1756480674,"text":"\u041f\u043e\u0441\u043b\u0435\u0434\u043d\u0438\u0435 \u043e\u043f\u0435\u0440\u0430\u0446\u0438\u0438"}}
[2025-08-29 18:17:54] BUYER RAW: {"update_id":31966734,
"message":{"message_id":42,"from":{"id":5445483307,"is_bot":false,"first_name":"Hartmann","last_name":"(\u0413\u0430\u0437\u043b\u0430\u0439\u0442\u0435\u0440)","username":"ErichHartmann14","language_code":"ru"},"chat":{"id":5445483307,"first_name":"Hartmann","last_name":"(\u0413\u0430\u0437\u043b\u0430\u0439\u0442\u0435\u0440)","username":"ErichHartmann14","type":"private"},"date":1756480674,"text":"\u0412\u044b\u0431\u043e\u0440 \u043a\u0430\u0440\u0442\u044b"}}
[2025-08-29 18:17:57] BUYER RAW: {"update_id":31966735,
"message":{"message_id":44,"from":{"id":5445483307,"is_bot":false,"first_name":"Hartmann","last_name":"(\u0413\u0430\u0437\u043b\u0430\u0439\u0442\u0435\u0440)","username":"ErichHartmann14","language_code":"ru"},"chat":{"id":5445483307,"first_name":"Hartmann","last_name":"(\u0413\u0430\u0437\u043b\u0430\u0439\u0442\u0435\u0440)","username":"ErichHartmann14","type":"private"},"date":1756480677,"text":"\u041f\u043e\u0441\u043b\u0435\u0434\u043d\u0438\u0435 \u043e\u043f\u0435\u0440\u0430\u0446\u0438\u0438"}}
[2025-08-29 18:17:57] BUYER RAW: {"update_id":31966736,
"message":{"message_id":46,"from":{"id":5445483307,"is_bot":false,"first_name":"Hartmann","last_name":"(\u0413\u0430\u0437\u043b\u0430\u0439\u0442\u0435\u0440)","username":"ErichHartmann14","language_code":"ru"},"chat":{"id":5445483307,"first_name":"Hartmann","last_name":"(\u0413\u0430\u0437\u043b\u0430\u0439\u0442\u0435\u0440)","username":"ErichHartmann14","type":"private"},"date":1756480677,"text":"\u041e\u0431\u0449\u0438\u0439 \u0431\u0430\u043b\u0430\u043d\u0441 \u043f\u043e \u043a\u0430\u0440\u0442\u0430\u043c"}}
